#
# A fatal error has been detected by the Java Runtime Environment:
#
#  SIGSEGV (0xb) at pc=0x00007fffa56950a9, pid=78459, tid=0x0000000000005b07
#
# JRE version: OpenJDK Runtime Environment (8.0_152-b01) (build 1.8.0_152-release-915-b01)
# Java VM: OpenJDK 64-Bit Server VM (25.152-b01 mixed mode bsd-amd64 compressed oops)
# Problematic frame:
# C  [libsystem_platform.dylib+0x20a9]  _platform_memmove$VARIANT$Nehalem+0xc9
#
# Failed to write core dump. Core dumps have been disabled. To enable core dumping, try "ulimit -c unlimited" before starting Java again
#
# If you would like to submit a bug report, please visit:
#   http://bugreport.java.com/bugreport/crash.jsp
# The crash happened outside the Java Virtual Machine in native code.
# See problematic frame for where to report the bug.
#

---------------  T H R E A D  ---------------

Current thread (0x00007f8e23306000):  JavaThread "RMI TCP Connection(3)-127.0.0.1" daemon [_thread_in_native, id=23303, stack(0x0000700009af2000,0x0000700009bf2000)]

siginfo: si_signo: 11 (SIGSEGV), si_code: 1 (SEGV_MAPERR), si_addr: 0x0000000118685000

Registers:
RAX=0x00007f8e2559dc00, RBX=0x0000000000003700, RCX=0x0000000000000010, RDX=0x00000000000020b0
RSP=0x0000700009bedee0, RBP=0x0000700009bedee0, RSI=0x0000000118684fdb, RDI=0x00007f8e2559f210
R8 =0x0000000000003701, R9 =0x00007f8e2559dc00, R10=0x0000000000000000, R11=0x00007f8d0cf1a235
R12=0x0000000000000000, R13=0x00007f8e2720dc10, R14=0x000000011868399d, R15=0x00007f8e2559dc00
RIP=0x00007fffa56950a9, EFLAGS=0x0000000000010202, ERR=0x0000000000000004
  TRAPNO=0x000000000000000e

Top of Stack: (sp=0x0000700009bedee0)
0x0000700009bedee0:   0000700009bedf90 0000000110088fa4
0x0000700009bedef0:   00007f8e1fc44d70 000000000000575a
0x0000700009bedf00:   000000000000df00 000000010a62ca51
0x0000700009bedf10:   00000001186839cb 00007f8e1fc44d68
0x0000700009bedf20:   0000000000620981 00000007c0001610
0x0000700009bedf30:   0000000000000000 0000000000000004
0x0000700009bedf40:   0000000000000000 0000000000000000
0x0000700009bedf50:   0000000111a18bf8 00007f8e225d69e0
0x0000700009bedf60:   0000000009bee010 0000000000000013
0x0000700009bedf70:   00007f8e226ac9b0 00007f8e224ed9f0
0x0000700009bedf80:   0000000000000130 00000000497fa543
0x0000700009bedf90:   0000700009bedff0 0000000110088c15
0x0000700009bedfa0:   00000007c001ae38 0000000000000037
0x0000700009bedfb0:   0000700009bee010 0000000109bee468
0x0000700009bedfc0:   00007f8e225d69e0 0000000000000037
0x0000700009bedfd0:   0000700009bee468 00007f8e233061e0
0x0000700009bedfe0:   0000700009bee010 00007f8e225d69e0
0x0000700009bedff0:   0000700009bee450 000000011008748a
0x0000700009bee000:   00007f8e23306000 0000000100000004
0x0000700009bee010:   464e492d4154454d 656369767265732f
0x0000700009bee020:   2e786176616a2f73 697461746f6e6e61
0x0000700009bee030:   65636f72702e6e6f 72502e676e697373
0x0000700009bee040:   00726f737365636f 000000011f634918
0x0000700009bee050:   0000700009bee2b8 00000007a3f2f6e8
0x0000700009bee060:   0000700009bee060 0000000115a9fbf3
0x0000700009bee070:   0000700009bee0c0 0000000115aa0650
0x0000700009bee080:   0000000000000000 0000000115a9fc40
0x0000700009bee090:   0000000000000000 0000700009bee0c0
0x0000700009bee0a0:   0000700009bee108 000000011f617ffd
0x0000700009bee0b0:   00000007a3f2f720 00000007c0001610
0x0000700009bee0c0:   0000000000000000 0000000000000004
0x0000700009bee0d0:   0000000000000001 00007f8e23306000 

Instructions: (pc=0x00007fffa56950a9)
0x00007fffa5695089:   0f 00 00 00 74 31 0f 29 0f 0f 29 57 10 0f 29 5f
0x00007fffa5695099:   20 0f 29 67 30 48 83 c7 40 0f 10 0e 0f 10 56 10
0x00007fffa56950a9:   0f 10 5e 20 0f 10 66 30 48 83 c6 40 48 83 ea 40
0x00007fffa56950b9:   77 d4 eb 33 0f 1f 00 0f 29 0f 0f 29 57 10 0f 29 

Register to memory mapping:

RAX=0x00007f8e2559dc00 is an unknown value
RBX=0x0000000000003700 is an unknown value
RCX=0x0000000000000010 is an unknown value
RDX=0x00000000000020b0 is an unknown value
RSP=0x0000700009bedee0 is pointing into the stack for thread: 0x00007f8e23306000
RBP=0x0000700009bedee0 is pointing into the stack for thread: 0x00007f8e23306000
RSI=0x0000000118684fdb is an unknown value
RDI=0x00007f8e2559f210 is an unknown value
R8 =0x0000000000003701 is an unknown value
R9 =0x00007f8e2559dc00 is an unknown value
R10=0x0000000000000000 is an unknown value
R11=0x00007f8d0cf1a235 is an unknown value
R12=0x0000000000000000 is an unknown value
R13=0x00007f8e2720dc10 is an unknown value
R14=0x000000011868399d is an unknown value
R15=0x00007f8e2559dc00 is an unknown value


Stack: [0x0000700009af2000,0x0000700009bf2000],  sp=0x0000700009bedee0,  free space=1007k
Native frames: (J=compiled Java code, j=interpreted, Vv=VM code, C=native code)
C  [libsystem_platform.dylib+0x20a9]  _platform_memmove$VARIANT$Nehalem+0xc9
C  [libzip.dylib+0x3fa4]  newEntry+0x2ae
C  [libzip.dylib+0x3c15]  ZIP_GetEntry2+0x116
C  [libzip.dylib+0x248a]  Java_java_util_zip_ZipFile_getEntry+0x98
J 176  java.util.zip.ZipFile.getEntry(J[BZ)J (0 bytes) @ 0x000000011f7831ce [0x000000011f783100+0xce]
J 1226 C2 java.util.zip.ZipFile.getEntry(Ljava/lang/String;)Ljava/util/zip/ZipEntry; (86 bytes) @ 0x000000011fa22394 [0x000000011fa22040+0x354]
J 1227 C2 java.util.jar.JarFile.getEntry(Ljava/lang/String;)Ljava/util/zip/ZipEntry; (22 bytes) @ 0x000000011fa29558 [0x000000011fa29520+0x38]
j  sun.net.www.protocol.jar.URLJarFile.getEntry(Ljava/lang/String;)Ljava/util/zip/ZipEntry;+2
j  sun.net.www.protocol.jar.JarURLConnection.connect()V+78
j  sun.net.www.protocol.jar.JarURLConnection.getInputStream()Ljava/io/InputStream;+1
j  java.net.URL.openStream()Ljava/io/InputStream;+4
j  java.util.ServiceLoader.parse(Ljava/lang/Class;Ljava/net/URL;)Ljava/util/Iterator;+15
j  java.util.ServiceLoader.access$200(Ljava/util/ServiceLoader;Ljava/lang/Class;Ljava/net/URL;)Ljava/util/Iterator;+3
j  java.util.ServiceLoader$LazyIterator.hasNextService()Z+140
j  java.util.ServiceLoader$LazyIterator.hasNext()Z+11
j  java.util.ServiceLoader$1.hasNext()Z+21
j  kotlin.collections.CollectionsKt___CollectionsKt.toCollection(Ljava/lang/Iterable;Ljava/util/Collection;)Ljava/util/Collection;+22
j  kotlin.collections.CollectionsKt___CollectionsKt.toMutableList(Ljava/lang/Iterable;)Ljava/util/List;+33
J 3112 C2 kotlin.collections.CollectionsKt___CollectionsKt.toList(Ljava/lang/Iterable;)Ljava/util/List; (107 bytes) @ 0x00000001200675a0 [0x00000001200672c0+0x2e0]
j  org.jetbrains.kotlin.kapt3.ClasspathBasedKapt3Extension.loadProcessors()Ljava/util/List;+201
j  org.jetbrains.kotlin.kapt3.AbstractKapt3Extension.analysisCompleted(Lorg/jetbrains/kotlin/com/intellij/openapi/project/Project;Lorg/jetbrains/kotlin/descriptors/ModuleDescriptor;Lorg/jetbrains/kotlin/resolve/BindingTrace;Ljava/util/Collection;)Lorg/jetbrains/kotlin/analyzer/AnalysisResult;+104
j  org.jetbrains.kotlin.kapt3.ClasspathBasedKapt3Extension.analysisCompleted(Lorg/jetbrains/kotlin/com/intellij/openapi/project/Project;Lorg/jetbrains/kotlin/descriptors/ModuleDescriptor;Lorg/jetbrains/kotlin/resolve/BindingTrace;Ljava/util/Collection;)Lorg/jetbrains/kotlin/analyzer/AnalysisResult;+32
j  org.jetbrains.kotlin.cli.jvm.compiler.TopDownAnalyzerFacadeForJVM$analyzeFilesWithJavaIntegration$2.invoke()Lorg/jetbrains/kotlin/analyzer/AnalysisResult;+46
j  org.jetbrains.kotlin.cli.jvm.compiler.TopDownAnalyzerFacadeForJVM.analyzeFilesWithJavaIntegration(Lorg/jetbrains/kotlin/com/intellij/openapi/project/Project;Ljava/util/Collection;Lorg/jetbrains/kotlin/resolve/BindingTrace;Lorg/jetbrains/kotlin/config/CompilerConfiguration;Lkotlin/jvm/functions/Function1;Lkotlin/jvm/functions/Function2;Lorg/jetbrains/kotlin/com/intellij/psi/search/GlobalSearchScope;)Lorg/jetbrains/kotlin/analyzer/AnalysisResult;+179
j  org.jetbrains.kotlin.cli.jvm.compiler.TopDownAnalyzerFacadeForJVM.analyzeFilesWithJavaIntegration$default(Lorg/jetbrains/kotlin/com/intellij/openapi/project/Project;Ljava/util/Collection;Lorg/jetbrains/kotlin/resolve/BindingTrace;Lorg/jetbrains/kotlin/config/CompilerConfiguration;Lkotlin/jvm/functions/Function1;Lkotlin/jvm/functions/Function2;Lorg/jetbrains/kotlin/com/intellij/psi/search/GlobalSearchScope;ILjava/lang/Object;)Lorg/jetbrains/kotlin/analyzer/AnalysisResult;+44
j  org.jetbrains.kotlin.cli.jvm.compiler.KotlinToJVMBytecodeCompiler$analyze$1.invoke()Lorg/jetbrains/kotlin/analyzer/AnalysisResult;+253
j  org.jetbrains.kotlin.cli.jvm.compiler.KotlinToJVMBytecodeCompiler$analyze$1.invoke()Ljava/lang/Object;+1
j  org.jetbrains.kotlin.cli.common.messages.AnalyzerWithCompilerReport.analyzeAndReport(Ljava/util/Collection;Lkotlin/jvm/functions/Function0;)V+16
j  org.jetbrains.kotlin.cli.jvm.compiler.KotlinToJVMBytecodeCompiler.analyze(Lorg/jetbrains/kotlin/cli/jvm/compiler/KotlinCoreEnvironment;Ljava/lang/String;)Lorg/jetbrains/kotlin/analyzer/AnalysisResult;+49
j  org.jetbrains.kotlin.cli.jvm.compiler.KotlinToJVMBytecodeCompiler.compileModules(Lorg/jetbrains/kotlin/cli/jvm/compiler/KotlinCoreEnvironment;Ljava/io/File;)Z+208
j  org.jetbrains.kotlin.cli.jvm.K2JVMCompiler.doExecute(Lorg/jetbrains/kotlin/cli/common/arguments/K2JVMCompilerArguments;Lorg/jetbrains/kotlin/config/CompilerConfiguration;Lorg/jetbrains/kotlin/com/intellij/openapi/Disposable;)Lorg/jetbrains/kotlin/cli/common/ExitCode;+886
j  org.jetbrains.kotlin.cli.jvm.K2JVMCompiler.doExecute(Lorg/jetbrains/kotlin/cli/common/arguments/CommonCompilerArguments;Lorg/jetbrains/kotlin/config/CompilerConfiguration;Lorg/jetbrains/kotlin/com/intellij/openapi/Disposable;)Lorg/jetbrains/kotlin/cli/common/ExitCode;+7
j  org.jetbrains.kotlin.cli.common.CLICompiler.execImpl(Lorg/jetbrains/kotlin/cli/common/messages/MessageCollector;Lorg/jetbrains/kotlin/config/Services;Lorg/jetbrains/kotlin/cli/common/arguments/CommonCompilerArguments;)Lorg/jetbrains/kotlin/cli/common/ExitCode;+152
j  org.jetbrains.kotlin.cli.common.CLICompiler.execImpl(Lorg/jetbrains/kotlin/cli/common/messages/MessageCollector;Lorg/jetbrains/kotlin/config/Services;Lorg/jetbrains/kotlin/cli/common/arguments/CommonToolArguments;)Lorg/jetbrains/kotlin/cli/common/ExitCode;+7
j  org.jetbrains.kotlin.cli.common.CLITool.exec(Lorg/jetbrains/kotlin/cli/common/messages/MessageCollector;Lorg/jetbrains/kotlin/config/Services;Lorg/jetbrains/kotlin/cli/common/arguments/CommonToolArguments;)Lorg/jetbrains/kotlin/cli/common/ExitCode;+75
j  org.jetbrains.kotlin.daemon.CompileServiceImpl$compile$1$2.invoke(Lorg/jetbrains/kotlin/daemon/EventManager;Lorg/jetbrains/kotlin/daemon/common/Profiler;)Lorg/jetbrains/kotlin/cli/common/ExitCode;+33
j  org.jetbrains.kotlin.daemon.CompileServiceImpl$compile$1$2.invoke(Ljava/lang/Object;Ljava/lang/Object;)Ljava/lang/Object;+9
j  org.jetbrains.kotlin.daemon.CompileServiceImpl$doCompile$$inlined$ifAlive$lambda$2.invoke()I+12
j  org.jetbrains.kotlin.daemon.CompileServiceImpl$doCompile$$inlined$ifAlive$lambda$2.invoke()Ljava/lang/Object;+1
j  org.jetbrains.kotlin.daemon.common.DummyProfiler.withMeasure(Ljava/lang/Object;Lkotlin/jvm/functions/Function0;)Ljava/lang/Object;+7
j  org.jetbrains.kotlin.daemon.CompileServiceImpl.checkedCompile(Lorg/jetbrains/kotlin/daemon/report/DaemonMessageReporter;Lorg/jetbrains/kotlin/daemon/common/Profiler;Lkotlin/jvm/functions/Function0;)Ljava/lang/Object;+41
j  org.jetbrains.kotlin.daemon.CompileServiceImpl.doCompile(ILorg/jetbrains/kotlin/daemon/report/DaemonMessageReporter;Lorg/jetbrains/kotlin/daemon/common/RemoteOperationsTracer;Lkotlin/jvm/functions/Function2;)Lorg/jetbrains/kotlin/daemon/common/CompileService$CallResult;+300
j  org.jetbrains.kotlin.daemon.CompileServiceImpl.compile(I[Ljava/lang/String;Lorg/jetbrains/kotlin/daemon/common/CompilationOptions;Lorg/jetbrains/kotlin/daemon/common/CompilerServicesFacadeBase;Lorg/jetbrains/kotlin/daemon/common/CompilationResults;)Lorg/jetbrains/kotlin/daemon/common/CompileService$CallResult;+485
v  ~StubRoutines::call_stub
V  [libjvm.dylib+0x2bf2fd]  JavaCalls::call_helper(JavaValue*, methodHandle*, JavaCallArguments*, Thread*)+0x597
V  [libjvm.dylib+0x47d8f7]  Reflection::invoke(instanceKlassHandle, methodHandle, Handle, bool, objArrayHandle, BasicType, objArrayHandle, bool, Thread*)+0x6e9
V  [libjvm.dylib+0x47e357]  Reflection::invoke_method(oopDesc*, Handle, objArrayHandle, Thread*)+0x173
V  [libjvm.dylib+0x3063cd]  JVM_InvokeMethod+0x1a9
j  sun.reflect.NativeMethodAccessorImpl.invoke0(Ljava/lang/reflect/Method;Ljava/lang/Object;[Ljava/lang/Object;)Ljava/lang/Object;+0
j  sun.reflect.NativeMethodAccessorImpl.invoke(Ljava/lang/Object;[Ljava/lang/Object;)Ljava/lang/Object;+100
J 1198 C1 sun.reflect.DelegatingMethodAccessorImpl.invoke(Ljava/lang/Object;[Ljava/lang/Object;)Ljava/lang/Object; (10 bytes) @ 0x000000011fa0d58c [0x000000011fa0d480+0x10c]
J 1197 C1 java.lang.reflect.Method.invoke(Ljava/lang/Object;[Ljava/lang/Object;)Ljava/lang/Object; (62 bytes) @ 0x000000011fa0dd5c [0x000000011fa0d960+0x3fc]
j  sun.rmi.server.UnicastServerRef.dispatch(Ljava/rmi/Remote;Ljava/rmi/server/RemoteCall;)V+209
j  sun.rmi.transport.Transport$1.run()Ljava/lang/Void;+23
j  sun.rmi.transport.Transport$1.run()Ljava/lang/Object;+1
v  ~StubRoutines::call_stub
V  [libjvm.dylib+0x2bf2fd]  JavaCalls::call_helper(JavaValue*, methodHandle*, JavaCallArguments*, Thread*)+0x597
V  [libjvm.dylib+0x2fca92]  JVM_DoPrivileged+0x558
J 174  java.security.AccessController.doPrivileged(Ljava/security/PrivilegedExceptionAction;Ljava/security/AccessControlContext;)Ljava/lang/Object; (0 bytes) @ 0x000000011f7822d5 [0x000000011f782200+0xd5]
j  sun.rmi.transport.Transport.serviceCall(Ljava/rmi/server/RemoteCall;)Z+157
j  sun.rmi.transport.tcp.TCPTransport.handleMessages(Lsun/rmi/transport/Connection;Z)V+185
j  sun.rmi.transport.tcp.TCPTransport$ConnectionHandler.run0()V+680
j  sun.rmi.transport.tcp.TCPTransport$ConnectionHandler.lambda$run$0()Ljava/lang/Void;+1
j  sun.rmi.transport.tcp.TCPTransport$ConnectionHandler$$Lambda$5.run()Ljava/lang/Object;+4
v  ~StubRoutines::call_stub
V  [libjvm.dylib+0x2bf2fd]  JavaCalls::call_helper(JavaValue*, methodHandle*, JavaCallArguments*, Thread*)+0x597
V  [libjvm.dylib+0x2fca92]  JVM_DoPrivileged+0x558
j  java.security.AccessController.doPrivileged(Ljava/security/PrivilegedAction;Ljava/security/AccessControlContext;)Ljava/lang/Object;+0
j  sun.rmi.transport.tcp.TCPTransport$ConnectionHandler.run()V+58
j  java.util.concurrent.ThreadPoolExecutor.runWorker(Ljava/util/concurrent/ThreadPoolExecutor$Worker;)V+95
j  java.util.concurrent.ThreadPoolExecutor$Worker.run()V+5
j  java.lang.Thread.run()V+11
v  ~StubRoutines::call_stub
V  [libjvm.dylib+0x2bf2fd]  JavaCalls::call_helper(JavaValue*, methodHandle*, JavaCallArguments*, Thread*)+0x597
V  [libjvm.dylib+0x2be432]  JavaCalls::call_virtual(JavaValue*, KlassHandle, Symbol*, Symbol*, JavaCallArguments*, Thread*)+0x13e
V  [libjvm.dylib+0x2be571]  JavaCalls::call_virtual(JavaValue*, Handle, KlassHandle, Symbol*, Symbol*, Thread*)+0x57
V  [libjvm.dylib+0x303066]  thread_entry(JavaThread*, Thread*)+0x78
V  [libjvm.dylib+0x504ac0]  JavaThread::thread_main_inner()+0x82
V  [libjvm.dylib+0x504985]  JavaThread::run()+0x199
V  [libjvm.dylib+0x4345d9]  java_start(Thread*)+0xfa
C  [libsystem_pthread.dylib+0x393b]  _pthread_body+0xb4
C  [libsystem_pthread.dylib+0x3887]  _pthread_body+0x0
C  [libsystem_pthread.dylib+0x308d]  thread_start+0xd
C  0x0000000000000000

Java frames: (J=compiled Java code, j=interpreted, Vv=VM code)
J 176  java.util.zip.ZipFile.getEntry(J[BZ)J (0 bytes) @ 0x000000011f783158 [0x000000011f783100+0x58]
J 1226 C2 java.util.zip.ZipFile.getEntry(Ljava/lang/String;)Ljava/util/zip/ZipEntry; (86 bytes) @ 0x000000011fa22394 [0x000000011fa22040+0x354]
J 1227 C2 java.util.jar.JarFile.getEntry(Ljava/lang/String;)Ljava/util/zip/ZipEntry; (22 bytes) @ 0x000000011fa29558 [0x000000011fa29520+0x38]
j  sun.net.www.protocol.jar.URLJarFile.getEntry(Ljava/lang/String;)Ljava/util/zip/ZipEntry;+2
j  sun.net.www.protocol.jar.JarURLConnection.connect()V+78
j  sun.net.www.protocol.jar.JarURLConnection.getInputStream()Ljava/io/InputStream;+1
j  java.net.URL.openStream()Ljava/io/InputStream;+4
j  java.util.ServiceLoader.parse(Ljava/lang/Class;Ljava/net/URL;)Ljava/util/Iterator;+15
j  java.util.ServiceLoader.access$200(Ljava/util/ServiceLoader;Ljava/lang/Class;Ljava/net/URL;)Ljava/util/Iterator;+3
j  java.util.ServiceLoader$LazyIterator.hasNextService()Z+140
j  java.util.ServiceLoader$LazyIterator.hasNext()Z+11
j  java.util.ServiceLoader$1.hasNext()Z+21
j  kotlin.collections.CollectionsKt___CollectionsKt.toCollection(Ljava/lang/Iterable;Ljava/util/Collection;)Ljava/util/Collection;+22
j  kotlin.collections.CollectionsKt___CollectionsKt.toMutableList(Ljava/lang/Iterable;)Ljava/util/List;+33
J 3112 C2 kotlin.collections.CollectionsKt___CollectionsKt.toList(Ljava/lang/Iterable;)Ljava/util/List; (107 bytes) @ 0x00000001200675a0 [0x00000001200672c0+0x2e0]
j  org.jetbrains.kotlin.kapt3.ClasspathBasedKapt3Extension.loadProcessors()Ljava/util/List;+201
j  org.jetbrains.kotlin.kapt3.AbstractKapt3Extension.analysisCompleted(Lorg/jetbrains/kotlin/com/intellij/openapi/project/Project;Lorg/jetbrains/kotlin/descriptors/ModuleDescriptor;Lorg/jetbrains/kotlin/resolve/BindingTrace;Ljava/util/Collection;)Lorg/jetbrains/kotlin/analyzer/AnalysisResult;+104
j  org.jetbrains.kotlin.kapt3.ClasspathBasedKapt3Extension.analysisCompleted(Lorg/jetbrains/kotlin/com/intellij/openapi/project/Project;Lorg/jetbrains/kotlin/descriptors/ModuleDescriptor;Lorg/jetbrains/kotlin/resolve/BindingTrace;Ljava/util/Collection;)Lorg/jetbrains/kotlin/analyzer/AnalysisResult;+32
j  org.jetbrains.kotlin.cli.jvm.compiler.TopDownAnalyzerFacadeForJVM$analyzeFilesWithJavaIntegration$2.invoke()Lorg/jetbrains/kotlin/analyzer/AnalysisResult;+46
j  org.jetbrains.kotlin.cli.jvm.compiler.TopDownAnalyzerFacadeForJVM.analyzeFilesWithJavaIntegration(Lorg/jetbrains/kotlin/com/intellij/openapi/project/Project;Ljava/util/Collection;Lorg/jetbrains/kotlin/resolve/BindingTrace;Lorg/jetbrains/kotlin/config/CompilerConfiguration;Lkotlin/jvm/functions/Function1;Lkotlin/jvm/functions/Function2;Lorg/jetbrains/kotlin/com/intellij/psi/search/GlobalSearchScope;)Lorg/jetbrains/kotlin/analyzer/AnalysisResult;+179
j  org.jetbrains.kotlin.cli.jvm.compiler.TopDownAnalyzerFacadeForJVM.analyzeFilesWithJavaIntegration$default(Lorg/jetbrains/kotlin/com/intellij/openapi/project/Project;Ljava/util/Collection;Lorg/jetbrains/kotlin/resolve/BindingTrace;Lorg/jetbrains/kotlin/config/CompilerConfiguration;Lkotlin/jvm/functions/Function1;Lkotlin/jvm/functions/Function2;Lorg/jetbrains/kotlin/com/intellij/psi/search/GlobalSearchScope;ILjava/lang/Object;)Lorg/jetbrains/kotlin/analyzer/AnalysisResult;+44
j  org.jetbrains.kotlin.cli.jvm.compiler.KotlinToJVMBytecodeCompiler$analyze$1.invoke()Lorg/jetbrains/kotlin/analyzer/AnalysisResult;+253
j  org.jetbrains.kotlin.cli.jvm.compiler.KotlinToJVMBytecodeCompiler$analyze$1.invoke()Ljava/lang/Object;+1
j  org.jetbrains.kotlin.cli.common.messages.AnalyzerWithCompilerReport.analyzeAndReport(Ljava/util/Collection;Lkotlin/jvm/functions/Function0;)V+16
j  org.jetbrains.kotlin.cli.jvm.compiler.KotlinToJVMBytecodeCompiler.analyze(Lorg/jetbrains/kotlin/cli/jvm/compiler/KotlinCoreEnvironment;Ljava/lang/String;)Lorg/jetbrains/kotlin/analyzer/AnalysisResult;+49
j  org.jetbrains.kotlin.cli.jvm.compiler.KotlinToJVMBytecodeCompiler.compileModules(Lorg/jetbrains/kotlin/cli/jvm/compiler/KotlinCoreEnvironment;Ljava/io/File;)Z+208
j  org.jetbrains.kotlin.cli.jvm.K2JVMCompiler.doExecute(Lorg/jetbrains/kotlin/cli/common/arguments/K2JVMCompilerArguments;Lorg/jetbrains/kotlin/config/CompilerConfiguration;Lorg/jetbrains/kotlin/com/intellij/openapi/Disposable;)Lorg/jetbrains/kotlin/cli/common/ExitCode;+886
j  org.jetbrains.kotlin.cli.jvm.K2JVMCompiler.doExecute(Lorg/jetbrains/kotlin/cli/common/arguments/CommonCompilerArguments;Lorg/jetbrains/kotlin/config/CompilerConfiguration;Lorg/jetbrains/kotlin/com/intellij/openapi/Disposable;)Lorg/jetbrains/kotlin/cli/common/ExitCode;+7
j  org.jetbrains.kotlin.cli.common.CLICompiler.execImpl(Lorg/jetbrains/kotlin/cli/common/messages/MessageCollector;Lorg/jetbrains/kotlin/config/Services;Lorg/jetbrains/kotlin/cli/common/arguments/CommonCompilerArguments;)Lorg/jetbrains/kotlin/cli/common/ExitCode;+152
j  org.jetbrains.kotlin.cli.common.CLICompiler.execImpl(Lorg/jetbrains/kotlin/cli/common/messages/MessageCollector;Lorg/jetbrains/kotlin/config/Services;Lorg/jetbrains/kotlin/cli/common/arguments/CommonToolArguments;)Lorg/jetbrains/kotlin/cli/common/ExitCode;+7
j  org.jetbrains.kotlin.cli.common.CLITool.exec(Lorg/jetbrains/kotlin/cli/common/messages/MessageCollector;Lorg/jetbrains/kotlin/config/Services;Lorg/jetbrains/kotlin/cli/common/arguments/CommonToolArguments;)Lorg/jetbrains/kotlin/cli/common/ExitCode;+75
j  org.jetbrains.kotlin.daemon.CompileServiceImpl$compile$1$2.invoke(Lorg/jetbrains/kotlin/daemon/EventManager;Lorg/jetbrains/kotlin/daemon/common/Profiler;)Lorg/jetbrains/kotlin/cli/common/ExitCode;+33
j  org.jetbrains.kotlin.daemon.CompileServiceImpl$compile$1$2.invoke(Ljava/lang/Object;Ljava/lang/Object;)Ljava/lang/Object;+9
j  org.jetbrains.kotlin.daemon.CompileServiceImpl$doCompile$$inlined$ifAlive$lambda$2.invoke()I+12
j  org.jetbrains.kotlin.daemon.CompileServiceImpl$doCompile$$inlined$ifAlive$lambda$2.invoke()Ljava/lang/Object;+1
j  org.jetbrains.kotlin.daemon.common.DummyProfiler.withMeasure(Ljava/lang/Object;Lkotlin/jvm/functions/Function0;)Ljava/lang/Object;+7
j  org.jetbrains.kotlin.daemon.CompileServiceImpl.checkedCompile(Lorg/jetbrains/kotlin/daemon/report/DaemonMessageReporter;Lorg/jetbrains/kotlin/daemon/common/Profiler;Lkotlin/jvm/functions/Function0;)Ljava/lang/Object;+41
j  org.jetbrains.kotlin.daemon.CompileServiceImpl.doCompile(ILorg/jetbrains/kotlin/daemon/report/DaemonMessageReporter;Lorg/jetbrains/kotlin/daemon/common/RemoteOperationsTracer;Lkotlin/jvm/functions/Function2;)Lorg/jetbrains/kotlin/daemon/common/CompileService$CallResult;+300
j  org.jetbrains.kotlin.daemon.CompileServiceImpl.compile(I[Ljava/lang/String;Lorg/jetbrains/kotlin/daemon/common/CompilationOptions;Lorg/jetbrains/kotlin/daemon/common/CompilerServicesFacadeBase;Lorg/jetbrains/kotlin/daemon/common/CompilationResults;)Lorg/jetbrains/kotlin/daemon/common/CompileService$CallResult;+485
v  ~StubRoutines::call_stub
j  sun.reflect.NativeMethodAccessorImpl.invoke0(Ljava/lang/reflect/Method;Ljava/lang/Object;[Ljava/lang/Object;)Ljava/lang/Object;+0
j  sun.reflect.NativeMethodAccessorImpl.invoke(Ljava/lang/Object;[Ljava/lang/Object;)Ljava/lang/Object;+100
J 1198 C1 sun.reflect.DelegatingMethodAccessorImpl.invoke(Ljava/lang/Object;[Ljava/lang/Object;)Ljava/lang/Object; (10 bytes) @ 0x000000011fa0d58c [0x000000011fa0d480+0x10c]
J 1197 C1 java.lang.reflect.Method.invoke(Ljava/lang/Object;[Ljava/lang/Object;)Ljava/lang/Object; (62 bytes) @ 0x000000011fa0dd5c [0x000000011fa0d960+0x3fc]
j  sun.rmi.server.UnicastServerRef.dispatch(Ljava/rmi/Remote;Ljava/rmi/server/RemoteCall;)V+209
j  sun.rmi.transport.Transport$1.run()Ljava/lang/Void;+23
j  sun.rmi.transport.Transport$1.run()Ljava/lang/Object;+1
v  ~StubRoutines::call_stub
J 174  java.security.AccessController.doPrivileged(Ljava/security/PrivilegedExceptionAction;Ljava/security/AccessControlContext;)Ljava/lang/Object; (0 bytes) @ 0x000000011f782263 [0x000000011f782200+0x63]
j  sun.rmi.transport.Transport.serviceCall(Ljava/rmi/server/RemoteCall;)Z+157
j  sun.rmi.transport.tcp.TCPTransport.handleMessages(Lsun/rmi/transport/Connection;Z)V+185
j  sun.rmi.transport.tcp.TCPTransport$ConnectionHandler.run0()V+680
j  sun.rmi.transport.tcp.TCPTransport$ConnectionHandler.lambda$run$0()Ljava/lang/Void;+1
j  sun.rmi.transport.tcp.TCPTransport$ConnectionHandler$$Lambda$5.run()Ljava/lang/Object;+4
v  ~StubRoutines::call_stub
j  java.security.AccessController.doPrivileged(Ljava/security/PrivilegedAction;Ljava/security/AccessControlContext;)Ljava/lang/Object;+0
j  sun.rmi.transport.tcp.TCPTransport$ConnectionHandler.run()V+58
j  java.util.concurrent.ThreadPoolExecutor.runWorker(Ljava/util/concurrent/ThreadPoolExecutor$Worker;)V+95
j  java.util.concurrent.ThreadPoolExecutor$Worker.run()V+5
j  java.lang.Thread.run()V+11
v  ~StubRoutines::call_stub

---------------  P R O C E S S  ---------------

Java Threads: ( => current thread )
  0x00007f8e2058b800 JavaThread "RMI RenewClean-[localhost:52006,org.jetbrains.kotlin.daemon.common.LoopbackNetworkInterface$ClientLoopbackSocketFactory@6bc3e73d]" daemon [_thread_blocked, id=26883, stack(0x000070000a207000,0x000070000a307000)]
=>0x00007f8e23306000 JavaThread "RMI TCP Connection(3)-127.0.0.1" daemon [_thread_in_native, id=23303, stack(0x0000700009af2000,0x0000700009bf2000)]
  0x00007f8e210e5800 JavaThread "RMI RenewClean-[localhost:52006,org.jetbrains.kotlin.daemon.common.LoopbackNetworkInterface$ClientLoopbackSocketFactory@7cb1f905]" daemon [_thread_blocked, id=26371, stack(0x000070000a104000,0x000070000a204000)]
  0x00007f8e218c7000 JavaThread "RMI TCP Connection(2)-127.0.0.1" daemon [_thread_in_native, id=25859, stack(0x000070000a001000,0x000070000a101000)]
  0x00007f8e210e3000 JavaThread "RMI Scheduler(0)" daemon [_thread_blocked, id=25347, stack(0x0000700009efe000,0x0000700009ffe000)]
  0x00007f8e2400a800 JavaThread "RMI TCP Connection(1)-127.0.0.1" daemon [_thread_in_native, id=24835, stack(0x0000700009dfb000,0x0000700009efb000)]
  0x00007f8e20804000 JavaThread "DestroyJavaVM" [_thread_blocked, id=6915, stack(0x0000700008530000,0x0000700008630000)]
  0x00007f8e218c1000 JavaThread "GC Daemon" daemon [_thread_blocked, id=24323, stack(0x0000700009cf8000,0x0000700009df8000)]
  0x00007f8e20982800 JavaThread "RMI Reaper" [_thread_blocked, id=23811, stack(0x0000700009bf5000,0x0000700009cf5000)]
  0x00007f8e218bb000 JavaThread "Timer-0" daemon [_thread_blocked, id=22787, stack(0x00007000099ef000,0x0000700009aef000)]
  0x00007f8e20053000 JavaThread "RMI TCP Accept-17454" daemon [_thread_in_native, id=22275, stack(0x00007000098ec000,0x00007000099ec000)]
  0x00007f8e200aa800 JavaThread "Service Thread" daemon [_thread_blocked, id=21251, stack(0x00007000096e6000,0x00007000097e6000)]
  0x00007f8e2101d800 JavaThread "C1 CompilerThread3" daemon [_thread_blocked, id=20739, stack(0x00007000095e3000,0x00007000096e3000)]
  0x00007f8e21016800 JavaThread "C2 CompilerThread2" daemon [_thread_blocked, id=20227, stack(0x00007000094e0000,0x00007000095e0000)]
  0x00007f8e2081f000 JavaThread "C2 CompilerThread1" daemon [_thread_blocked, id=19715, stack(0x00007000093dd000,0x00007000094dd000)]
  0x00007f8e20820000 JavaThread "C2 CompilerThread0" daemon [_thread_blocked, id=19203, stack(0x00007000092da000,0x00007000093da000)]
  0x00007f8e2081e800 JavaThread "Signal Dispatcher" daemon [_thread_blocked, id=18691, stack(0x00007000091d7000,0x00007000092d7000)]
  0x00007f8e20049800 JavaThread "Finalizer" daemon [_thread_blocked, id=14339, stack(0x0000700009051000,0x0000700009151000)]
  0x00007f8e21804000 JavaThread "Reference Handler" daemon [_thread_blocked, id=13827, stack(0x0000700008f4e000,0x000070000904e000)]

Other Threads:
  0x00007f8e21016000 VMThread [stack: 0x0000700008e4b000,0x0000700008f4b000] [id=13315]
  0x00007f8e21026800 WatcherThread [stack: 0x00007000097e9000,0x00007000098e9000] [id=21763]

VM state:not at safepoint (normal execution)

VM Mutex/Monitor currently owned by a thread: None

Heap:
 PSYoungGen      total 141824K, used 65142K [0x00000007a0000000, 0x00000007ac200000, 0x00000007c0000000)
  eden space 131072K, 49% used [0x00000007a0000000,0x00000007a3f9db48,0x00000007a8000000)
  from space 10752K, 0% used [0x00000007a8000000,0x00000007a8000000,0x00000007a8a80000)
  to   space 10752K, 0% used [0x00000007ab780000,0x00000007ab780000,0x00000007ac200000)
 ParOldGen       total 159232K, used 24810K [0x0000000760000000, 0x0000000769b80000, 0x00000007a0000000)
  object space 159232K, 15% used [0x0000000760000000,0x000000076183a880,0x0000000769b80000)
 Metaspace       used 43286K, capacity 43956K, committed 44376K, reserved 1087488K
  class space    used 5240K, capacity 5392K, committed 5504K, reserved 1048576K

Card table byte_map: [0x0000000112026000,0x0000000112327000] byte_map_base: 0x000000010e526000

Marking Bits: (ParMarkBitMap*) 0x00000001119f7128
 Begin Bits: [0x0000000112527000, 0x0000000113d27000)
 End Bits:   [0x0000000113d27000, 0x0000000115527000)

Polling page: 0x000000011007b000

CodeCache: size=245760Kb used=13675Kb max_used=13686Kb free=232084Kb
 bounds [0x000000011f610000, 0x0000000120380000, 0x000000012e610000]
 total_blobs=4538 nmethods=4042 adapters=409
 compilation: enabled

Compilation events (10 events):
Event: 4.468 Thread 0x00007f8e2081f000 4039       4       java.lang.String::endsWith (17 bytes)
Event: 4.468 Thread 0x00007f8e2101d800 4040       3       java.net.URI$Parser::scan (50 bytes)
Event: 4.468 Thread 0x00007f8e2101d800 nmethod 4040 0x0000000120373ed0 code [0x00000001203740a0, 0x0000000120374908]
Event: 4.468 Thread 0x00007f8e2101d800 4041       3       java.io.UnixFileSystem::resolve (27 bytes)
Event: 4.469 Thread 0x00007f8e20820000 4043       4       java.net.URI::match (56 bytes)
Event: 4.469 Thread 0x00007f8e2101d800 nmethod 4041 0x0000000120374d50 code [0x0000000120374f20, 0x0000000120375538]
Event: 4.469 Thread 0x00007f8e2101d800 4042       3       java.io.File::getAbsolutePath (8 bytes)
Event: 4.469 Thread 0x00007f8e20820000 nmethod 4043 0x0000000120362750 code [0x00000001203628a0, 0x0000000120362958]
Event: 4.469 Thread 0x00007f8e2101d800 nmethod 4042 0x0000000120377950 code [0x0000000120377b40, 0x0000000120378198]
Event: 4.469 Thread 0x00007f8e2081f000 nmethod 4039 0x000000012036d6d0 code [0x000000012036d820, 0x000000012036d978]

GC Heap History (10 events):
Event: 1.359 GC heap before
{Heap before GC invocations=4 (full 1):
 PSYoungGen      total 76288K, used 16256K [0x00000007a0000000, 0x00000007a9500000, 0x00000007c0000000)
  eden space 65536K, 8% used [0x00000007a0000000,0x00000007a0563e48,0x00000007a4000000)
  from space 10752K, 99% used [0x00000007a4a80000,0x00000007a54fc318,0x00000007a5500000)
  to   space 10752K, 0% used [0x00000007a4000000,0x00000007a4000000,0x00000007a4a80000)
 ParOldGen       total 175104K, used 4834K [0x0000000760000000, 0x000000076ab00000, 0x00000007a0000000)
  object space 175104K, 2% used [0x0000000760000000,0x00000007604b8be8,0x000000076ab00000)
 Metaspace       used 20645K, capacity 21052K, committed 21248K, reserved 1067008K
  class space    used 2640K, capacity 2746K, committed 2816K, reserved 1048576K
Event: 1.368 GC heap after
Heap after GC invocations=4 (full 1):
 PSYoungGen      total 76288K, used 5316K [0x00000007a0000000, 0x00000007a9500000, 0x00000007c0000000)
  eden space 65536K, 0% used [0x00000007a0000000,0x00000007a0000000,0x00000007a4000000)
  from space 10752K, 49% used [0x00000007a4000000,0x00000007a45312e8,0x00000007a4a80000)
  to   space 10752K, 0% used [0x00000007a8a80000,0x00000007a8a80000,0x00000007a9500000)
 ParOldGen       total 175104K, used 4842K [0x0000000760000000, 0x000000076ab00000, 0x00000007a0000000)
  object space 175104K, 2% used [0x0000000760000000,0x00000007604babe8,0x000000076ab00000)
 Metaspace       used 20645K, capacity 21052K, committed 21248K, reserved 1067008K
  class space    used 2640K, capacity 2746K, committed 2816K, reserved 1048576K
}
Event: 1.368 GC heap before
{Heap before GC invocations=5 (full 2):
 PSYoungGen      total 76288K, used 5316K [0x00000007a0000000, 0x00000007a9500000, 0x00000007c0000000)
  eden space 65536K, 0% used [0x00000007a0000000,0x00000007a0000000,0x00000007a4000000)
  from space 10752K, 49% used [0x00000007a4000000,0x00000007a45312e8,0x00000007a4a80000)
  to   space 10752K, 0% used [0x00000007a8a80000,0x00000007a8a80000,0x00000007a9500000)
 ParOldGen       total 175104K, used 4842K [0x0000000760000000, 0x000000076ab00000, 0x00000007a0000000)
  object space 175104K, 2% used [0x0000000760000000,0x00000007604babe8,0x000000076ab00000)
 Metaspace       used 20645K, capacity 21052K, committed 21248K, reserved 1067008K
  class space    used 2640K, capacity 2746K, committed 2816K, reserved 1048576K
Event: 1.395 GC heap after
Heap after GC invocations=5 (full 2):
 PSYoungGen      total 76288K, used 0K [0x00000007a0000000, 0x00000007a9500000, 0x00000007c0000000)
  eden space 65536K, 0% used [0x00000007a0000000,0x00000007a0000000,0x00000007a4000000)
  from space 10752K, 0% used [0x00000007a4000000,0x00000007a4000000,0x00000007a4a80000)
  to   space 10752K, 0% used [0x00000007a8a80000,0x00000007a8a80000,0x00000007a9500000)
 ParOldGen       total 93184K, used 6700K [0x0000000760000000, 0x0000000765b00000, 0x00000007a0000000)
  object space 93184K, 7% used [0x0000000760000000,0x000000076068b208,0x0000000765b00000)
 Metaspace       used 20645K, capacity 21052K, committed 21248K, reserved 1067008K
  class space    used 2640K, capacity 2746K, committed 2816K, reserved 1048576K
}
Event: 2.324 GC heap before
{Heap before GC invocations=6 (full 2):
 PSYoungGen      total 76288K, used 65536K [0x00000007a0000000, 0x00000007a9500000, 0x00000007c0000000)
  eden space 65536K, 100% used [0x00000007a0000000,0x00000007a4000000,0x00000007a4000000)
  from space 10752K, 0% used [0x00000007a4000000,0x00000007a4000000,0x00000007a4a80000)
  to   space 10752K, 0% used [0x00000007a8a80000,0x00000007a8a80000,0x00000007a9500000)
 ParOldGen       total 93184K, used 6700K [0x0000000760000000, 0x0000000765b00000, 0x00000007a0000000)
  object space 93184K, 7% used [0x0000000760000000,0x000000076068b208,0x0000000765b00000)
 Metaspace       used 30995K, capacity 31476K, committed 31744K, reserved 1077248K
  class space    used 3900K, capacity 4026K, committed 4096K, reserved 1048576K
Event: 2.339 GC heap after
Heap after GC invocations=6 (full 2):
 PSYoungGen      total 119808K, used 10726K [0x00000007a0000000, 0x00000007a9500000, 0x00000007c0000000)
  eden space 109056K, 0% used [0x00000007a0000000,0x00000007a0000000,0x00000007a6a80000)
  from space 10752K, 99% used [0x00000007a8a80000,0x00000007a94f9970,0x00000007a9500000)
  to   space 10752K, 0% used [0x00000007a8000000,0x00000007a8000000,0x00000007a8a80000)
 ParOldGen       total 93184K, used 12841K [0x0000000760000000, 0x0000000765b00000, 0x00000007a0000000)
  object space 93184K, 13% used [0x0000000760000000,0x0000000760c8a5d8,0x0000000765b00000)
 Metaspace       used 30995K, capacity 31476K, committed 31744K, reserved 1077248K
  class space    used 3900K, capacity 4026K, committed 4096K, reserved 1048576K
}
Event: 2.990 GC heap before
{Heap before GC invocations=7 (full 2):
 PSYoungGen      total 119808K, used 70584K [0x00000007a0000000, 0x00000007a9500000, 0x00000007c0000000)
  eden space 109056K, 54% used [0x00000007a0000000,0x00000007a3a74960,0x00000007a6a80000)
  from space 10752K, 99% used [0x00000007a8a80000,0x00000007a94f9970,0x00000007a9500000)
  to   space 10752K, 0% used [0x00000007a8000000,0x00000007a8000000,0x00000007a8a80000)
 ParOldGen       total 93184K, used 12841K [0x0000000760000000, 0x0000000765b00000, 0x00000007a0000000)
  object space 93184K, 13% used [0x0000000760000000,0x0000000760c8a5d8,0x0000000765b00000)
 Metaspace       used 34490K, capacity 35044K, committed 35416K, reserved 1081344K
  class space    used 4259K, capacity 4394K, committed 4480K, reserved 1048576K
Event: 3.004 GC heap after
Heap after GC invocations=7 (full 2):
 PSYoungGen      total 141824K, used 10728K [0x00000007a0000000, 0x00000007ac200000, 0x00000007c0000000)
  eden space 131072K, 0% used [0x00000007a0000000,0x00000007a0000000,0x00000007a8000000)
  from space 10752K, 99% used [0x00000007a8000000,0x00000007a8a7a118,0x00000007a8a80000)
  to   space 10752K, 0% used [0x00000007ab780000,0x00000007ab780000,0x00000007ac200000)
 ParOldGen       total 93184K, used 21314K [0x0000000760000000, 0x0000000765b00000, 0x00000007a0000000)
  object space 93184K, 22% used [0x0000000760000000,0x00000007614d0970,0x0000000765b00000)
 Metaspace       used 34490K, capacity 35044K, committed 35416K, reserved 1081344K
  class space    used 4259K, capacity 4394K, committed 4480K, reserved 1048576K
}
Event: 3.004 GC heap before
{Heap before GC invocations=8 (full 3):
 PSYoungGen      total 141824K, used 10728K [0x00000007a0000000, 0x00000007ac200000, 0x00000007c0000000)
  eden space 131072K, 0% used [0x00000007a0000000,0x00000007a0000000,0x00000007a8000000)
  from space 10752K, 99% used [0x00000007a8000000,0x00000007a8a7a118,0x00000007a8a80000)
  to   space 10752K, 0% used [0x00000007ab780000,0x00000007ab780000,0x00000007ac200000)
 ParOldGen       total 93184K, used 21314K [0x0000000760000000, 0x0000000765b00000, 0x00000007a0000000)
  object space 93184K, 22% used [0x0000000760000000,0x00000007614d0970,0x0000000765b00000)
 Metaspace       used 34490K, capacity 35044K, committed 35416K, reserved 1081344K
  class space    used 4259K, capacity 4394K, committed 4480K, reserved 1048576K
Event: 3.099 GC heap after
Heap after GC invocations=8 (full 3):
 PSYoungGen      total 141824K, used 0K [0x00000007a0000000, 0x00000007ac200000, 0x00000007c0000000)
  eden space 131072K, 0% used [0x00000007a0000000,0x00000007a0000000,0x00000007a8000000)
  from space 10752K, 0% used [0x00000007a8000000,0x00000007a8000000,0x00000007a8a80000)
  to   space 10752K, 0% used [0x00000007ab780000,0x00000007ab780000,0x00000007ac200000)
 ParOldGen       total 159232K, used 24810K [0x0000000760000000, 0x0000000769b80000, 0x00000007a0000000)
  object space 159232K, 15% used [0x0000000760000000,0x000000076183a880,0x0000000769b80000)
 Metaspace       used 34490K, capacity 35044K, committed 35416K, reserved 1081344K
  class space    used 4259K, capacity 4394K, committed 4480K, reserved 1048576K
}

Deoptimization events (10 events):
Event: 3.811 Thread 0x00007f8e218c7000 Uncommon trap: reason=class_check action=maybe_recompile pc=0x000000011fd9766c method=org.jetbrains.kotlin.gnu.trove.THashIterator.nextIndex()I @ 8
Event: 3.811 Thread 0x00007f8e218c7000 Uncommon trap: reason=class_check action=maybe_recompile pc=0x000000011fd892c4 method=org.jetbrains.kotlin.gnu.trove.THashIterator.nextIndex()I @ 8
Event: 3.816 Thread 0x00007f8e218c7000 Uncommon trap: reason=class_check action=maybe_recompile pc=0x000000011fd87a70 method=org.jetbrains.kotlin.gnu.trove.THashIterator.nextIndex()I @ 8
Event: 4.371 Thread 0x00007f8e23306000 Uncommon trap: reason=unstable_if action=reinterpret pc=0x00000001201b10cc method=java.net.URI.match(CJJ)Z @ 45
Event: 4.436 Thread 0x00007f8e23306000 Uncommon trap: reason=unstable_if action=reinterpret pc=0x00000001201706b0 method=kotlin.collections.ArraysKt___ArraysKt.asSequence([Ljava/lang/Object;)Lkotlin/sequences/Sequence; @ 11
Event: 4.439 Thread 0x00007f8e23306000 Uncommon trap: reason=class_check action=maybe_recompile pc=0x00000001201a7944 method=kotlin.sequences.FlatteningSequence$iterator$1.ensureItemIterator()Z @ 56
Event: 4.444 Thread 0x00007f8e23306000 Uncommon trap: reason=class_check action=maybe_recompile pc=0x000000011fcd75fc method=org.jetbrains.kotlin.com.intellij.openapi.vfs.impl.jar.CoreJarVirtualFile.getName()Ljava/lang/String; @ 4
Event: 4.444 Thread 0x00007f8e23306000 Uncommon trap: reason=class_check action=maybe_recompile pc=0x000000011fcd75fc method=org.jetbrains.kotlin.com.intellij.openapi.vfs.impl.jar.CoreJarVirtualFile.getName()Ljava/lang/String; @ 4
Event: 4.444 Thread 0x00007f8e23306000 Uncommon trap: reason=class_check action=maybe_recompile pc=0x000000011fcd75fc method=org.jetbrains.kotlin.com.intellij.openapi.vfs.impl.jar.CoreJarVirtualFile.getName()Ljava/lang/String; @ 4
Event: 4.444 Thread 0x00007f8e23306000 Uncommon trap: reason=class_check action=maybe_recompile pc=0x000000011fcd75fc method=org.jetbrains.kotlin.com.intellij.openapi.vfs.impl.jar.CoreJarVirtualFile.getName()Ljava/lang/String; @ 4

Classes redefined (0 events):
No events

Internal exceptions (10 events):
Event: 3.789 Thread 0x00007f8e218c7000 Exception <a 'java/lang/reflect/InvocationTargetException'> (0x00000007a2983298) thrown at [/Volumes/android/AOSP-openjdk-git/jdk8u/hotspot/src/share/vm/runtime/reflection.cpp, line 1092]
Event: 3.793 Thread 0x00007f8e218c7000 Exception <a 'sun/nio/fs/UnixException'> (0x00000007a29aed60) thrown at [/Volumes/android/AOSP-openjdk-git/jdk8u/hotspot/src/share/vm/prims/jni.cpp, line 709]
Event: 3.793 Thread 0x00007f8e218c7000 Exception <a 'java/lang/reflect/InvocationTargetException'> (0x00000007a29af6f8) thrown at [/Volumes/android/AOSP-openjdk-git/jdk8u/hotspot/src/share/vm/runtime/reflection.cpp, line 1092]
Event: 3.805 Thread 0x00007f8e218c7000 Exception <a 'sun/nio/fs/UnixException'> (0x00000007a2a5b590) thrown at [/Volumes/android/AOSP-openjdk-git/jdk8u/hotspot/src/share/vm/prims/jni.cpp, line 709]
Event: 3.805 Thread 0x00007f8e218c7000 Exception <a 'java/lang/reflect/InvocationTargetException'> (0x00000007a2a5c2d8) thrown at [/Volumes/android/AOSP-openjdk-git/jdk8u/hotspot/src/share/vm/runtime/reflection.cpp, line 1092]
Event: 3.808 Thread 0x00007f8e218c7000 Exception <a 'sun/nio/fs/UnixException'> (0x00000007a2a75bf8) thrown at [/Volumes/android/AOSP-openjdk-git/jdk8u/hotspot/src/share/vm/prims/jni.cpp, line 709]
Event: 3.808 Thread 0x00007f8e218c7000 Exception <a 'java/lang/reflect/InvocationTargetException'> (0x00000007a2a76940) thrown at [/Volumes/android/AOSP-openjdk-git/jdk8u/hotspot/src/share/vm/runtime/reflection.cpp, line 1092]
Event: 3.813 Thread 0x00007f8e218c7000 Exception <a 'sun/nio/fs/UnixException'> (0x00000007a2a9a798) thrown at [/Volumes/android/AOSP-openjdk-git/jdk8u/hotspot/src/share/vm/prims/jni.cpp, line 709]
Event: 3.813 Thread 0x00007f8e218c7000 Exception <a 'java/lang/reflect/InvocationTargetException'> (0x00000007a2a9b108) thrown at [/Volumes/android/AOSP-openjdk-git/jdk8u/hotspot/src/share/vm/runtime/reflection.cpp, line 1092]
Event: 4.376 Thread 0x00007f8e2058b800 Exception <a 'java/lang/InterruptedException'> (0x00000007a2e55070) thrown at [/Volumes/android/AOSP-openjdk-git/jdk8u/hotspot/src/share/vm/runtime/objectMonitor.cpp, line 1684]

Events (10 events):
Event: 4.467 loading class org/jetbrains/kotlin/android/synthetic/res/AndroidSyntheticPackageFragmentProvider
Event: 4.467 loading class org/jetbrains/kotlin/android/synthetic/res/AndroidSyntheticPackageFragmentProvider done
Event: 4.467 loading class org/jetbrains/kotlin/descriptors/PackageFragmentProvider
Event: 4.467 loading class org/jetbrains/kotlin/descriptors/PackageFragmentProvider done
Event: 4.467 loading class org/jetbrains/kotlin/analyzer/AnalysisResult
Event: 4.467 loading class org/jetbrains/kotlin/analyzer/AnalysisResult done
Event: 4.467 loading class org/jetbrains/kotlin/analyzer/AnalysisResult$Companion
Event: 4.467 loading class org/jetbrains/kotlin/analyzer/AnalysisResult$Companion done
Event: 4.467 loading class org/jetbrains/kotlin/kapt3/AbstractKapt3Extension$analysisCompleted$1
Event: 4.467 loading class org/jetbrains/kotlin/kapt3/AbstractKapt3Extension$analysisCompleted$1 done


Dynamic libraries:
0x000000001a365000 	/System/Library/Frameworks/Cocoa.framework/Versions/A/Cocoa
0x000000001a365000 	/System/Library/Frameworks/Security.framework/Versions/A/Security
0x000000001a365000 	/System/Library/Frameworks/ApplicationServices.framework/Versions/A/ApplicationServices
0x000000001a365000 	/usr/lib/libz.1.dylib
0x000000001a365000 	/usr/lib/libSystem.B.dylib
0x000000001a365000 	/System/Library/Frameworks/CoreFoundation.framework/Versions/A/CoreFoundation
0x000000001a365000 	/System/Library/Frameworks/Foundation.framework/Versions/C/Foundation
0x000000001a365000 	/usr/lib/libobjc.A.dylib
0x000000001a365000 	/System/Library/Frameworks/AppKit.framework/Versions/C/AppKit
0x000000001a365000 	/System/Library/Frameworks/CoreData.framework/Versions/A/CoreData
0x000000001a365000 	/System/Library/PrivateFrameworks/RemoteViewServices.framework/Versions/A/RemoteViewServices
0x000000001a365000 	/System/Library/PrivateFrameworks/UIFoundation.framework/Versions/A/UIFoundation
0x000000001a365000 	/System/Library/PrivateFrameworks/DFRFoundation.framework/Versions/A/DFRFoundation
0x000000001a365000 	/usr/lib/libenergytrace.dylib
0x000000001a365000 	/System/Library/PrivateFrameworks/SkyLight.framework/Versions/A/SkyLight
0x000000001a365000 	/System/Library/Frameworks/CoreGraphics.framework/Versions/A/CoreGraphics
0x000000001a365000 	/usr/lib/libScreenReader.dylib
0x000000001a365000 	/System/Library/Frameworks/Accelerate.framework/Versions/A/Accelerate
0x000000001a365000 	/System/Library/Frameworks/IOSurface.framework/Versions/A/IOSurface
0x000000001a365000 	/System/Library/Frameworks/AudioToolbox.framework/Versions/A/AudioToolbox
0x000000001a365000 	/System/Library/Frameworks/AudioUnit.framework/Versions/A/AudioUnit
0x000000001a365000 	/System/Library/PrivateFrameworks/DataDetectorsCore.framework/Versions/A/DataDetectorsCore
0x000000001a365000 	/System/Library/PrivateFrameworks/DesktopServicesPriv.framework/Versions/A/DesktopServicesPriv
0x000000001a365000 	/System/Library/Frameworks/Carbon.framework/Versions/A/Frameworks/HIToolbox.framework/Versions/A/HIToolbox
0x000000001a365000 	/usr/lib/libicucore.A.dylib
0x000000001a365000 	/System/Library/Frameworks/QuartzCore.framework/Versions/A/QuartzCore
0x000000001a365000 	/System/Library/Frameworks/Carbon.framework/Versions/A/Frameworks/SpeechRecognition.framework/Versions/A/SpeechRecognition
0x000000001a365000 	/usr/lib/libauto.dylib
0x000000001a365000 	/usr/lib/libxml2.2.dylib
0x000000001a365000 	/System/Library/PrivateFrameworks/CoreUI.framework/Versions/A/CoreUI
0x000000001a365000 	/System/Library/Frameworks/CoreAudio.framework/Versions/A/CoreAudio
0x000000001a365000 	/System/Library/Frameworks/DiskArbitration.framework/Versions/A/DiskArbitration
0x000000001a365000 	/usr/lib/liblangid.dylib
0x000000001a365000 	/System/Library/PrivateFrameworks/MultitouchSupport.framework/Versions/A/MultitouchSupport
0x000000001a365000 	/System/Library/Frameworks/IOKit.framework/Versions/A/IOKit
0x000000001a365000 	/usr/lib/libDiagnosticMessagesClient.dylib
0x000000001a365000 	/System/Library/Frameworks/CoreServices.framework/Versions/A/CoreServices
0x000000001a365000 	/System/Library/PrivateFrameworks/PerformanceAnalysis.framework/Versions/A/PerformanceAnalysis
0x000000001a365000 	/System/Library/PrivateFrameworks/GenerationalStorage.framework/Versions/A/GenerationalStorage
0x000000001a365000 	/System/Library/Frameworks/OpenGL.framework/Versions/A/OpenGL
0x000000001a365000 	/System/Library/Frameworks/CoreImage.framework/Versions/A/CoreImage
0x000000001a365000 	/System/Library/Frameworks/CoreText.framework/Versions/A/CoreText
0x000000001a365000 	/System/Library/Frameworks/ImageIO.framework/Versions/A/ImageIO
0x000000001a365000 	/System/Library/PrivateFrameworks/Backup.framework/Versions/A/Backup
0x000000001a365000 	/usr/lib/libarchive.2.dylib
0x000000001a365000 	/System/Library/Frameworks/CFNetwork.framework/Versions/A/CFNetwork
0x000000001a365000 	/System/Library/Frameworks/SystemConfiguration.framework/Versions/A/SystemConfiguration
0x000000001a365000 	/usr/lib/libCRFSuite.dylib
0x000000001a365000 	/usr/lib/libc++.1.dylib
0x000000001a365000 	/usr/lib/libc++abi.dylib
0x000000001a365000 	/usr/lib/system/libcache.dylib
0x000000001a365000 	/usr/lib/system/libcommonCrypto.dylib
0x000000001a365000 	/usr/lib/system/libcompiler_rt.dylib
0x000000001a365000 	/usr/lib/system/libcopyfile.dylib
0x000000001a365000 	/usr/lib/system/libcorecrypto.dylib
0x000000001a365000 	/usr/lib/system/libdispatch.dylib
0x000000001a365000 	/usr/lib/system/libdyld.dylib
0x000000001a365000 	/usr/lib/system/libkeymgr.dylib
0x000000001a365000 	/usr/lib/system/liblaunch.dylib
0x000000001a365000 	/usr/lib/system/libmacho.dylib
0x000000001a365000 	/usr/lib/system/libquarantine.dylib
0x000000001a365000 	/usr/lib/system/libremovefile.dylib
0x000000001a365000 	/usr/lib/system/libsystem_asl.dylib
0x000000001a365000 	/usr/lib/system/libsystem_blocks.dylib
0x000000001a365000 	/usr/lib/system/libsystem_c.dylib
0x000000001a365000 	/usr/lib/system/libsystem_configuration.dylib
0x000000001a365000 	/usr/lib/system/libsystem_coreservices.dylib
0x000000001a365000 	/usr/lib/system/libsystem_coretls.dylib
0x000000001a365000 	/usr/lib/system/libsystem_dnssd.dylib
0x000000001a365000 	/usr/lib/system/libsystem_info.dylib
0x000000001a365000 	/usr/lib/system/libsystem_kernel.dylib
0x000000001a365000 	/usr/lib/system/libsystem_m.dylib
0x000000001a365000 	/usr/lib/system/libsystem_malloc.dylib
0x000000001a365000 	/usr/lib/system/libsystem_network.dylib
0x000000001a365000 	/usr/lib/system/libsystem_networkextension.dylib
0x000000001a365000 	/usr/lib/system/libsystem_notify.dylib
0x000000001a365000 	/usr/lib/system/libsystem_platform.dylib
0x000000001a365000 	/usr/lib/system/libsystem_pthread.dylib
0x000000001a365000 	/usr/lib/system/libsystem_sandbox.dylib
0x000000001a365000 	/usr/lib/system/libsystem_secinit.dylib
0x000000001a365000 	/usr/lib/system/libsystem_symptoms.dylib
0x000000001a365000 	/usr/lib/system/libsystem_trace.dylib
0x000000001a365000 	/usr/lib/system/libunwind.dylib
0x000000001a365000 	/usr/lib/system/libxpc.dylib
0x000000001a365000 	/usr/lib/libbsm.0.dylib
0x000000001a365000 	/usr/lib/system/libkxld.dylib
0x000000001a365000 	/usr/lib/libcoretls.dylib
0x000000001a365000 	/usr/lib/libcoretls_cfhelpers.dylib
0x000000001a365000 	/usr/lib/libOpenScriptingUtil.dylib
0x000000001a365000 	/usr/lib/libpam.2.dylib
0x000000001a365000 	/usr/lib/libsqlite3.dylib
0x000000001a365000 	/usr/lib/libxar.1.dylib
0x000000001a365000 	/usr/lib/libbz2.1.0.dylib
0x000000001a365000 	/usr/lib/liblzma.5.dylib
0x000000001a365000 	/usr/lib/libnetwork.dylib
0x000000001a365000 	/usr/lib/libpcap.A.dylib
0x000000001a365000 	/System/Library/Frameworks/CoreServices.framework/Versions/A/Frameworks/FSEvents.framework/Versions/A/FSEvents
0x000000001a365000 	/System/Library/Frameworks/CoreServices.framework/Versions/A/Frameworks/CarbonCore.framework/Versions/A/CarbonCore
0x000000001a365000 	/System/Library/Frameworks/CoreServices.framework/Versions/A/Frameworks/Metadata.framework/Versions/A/Metadata
0x000000001a365000 	/System/Library/Frameworks/CoreServices.framework/Versions/A/Frameworks/OSServices.framework/Versions/A/OSServices
0x000000001a365000 	/System/Library/Frameworks/CoreServices.framework/Versions/A/Frameworks/SearchKit.framework/Versions/A/SearchKit
0x000000001a365000 	/System/Library/Frameworks/CoreServices.framework/Versions/A/Frameworks/AE.framework/Versions/A/AE
0x000000001a365000 	/System/Library/Frameworks/CoreServices.framework/Versions/A/Frameworks/LaunchServices.framework/Versions/A/LaunchServices
0x000000001a365000 	/System/Library/Frameworks/CoreServices.framework/Versions/A/Frameworks/DictionaryServices.framework/Versions/A/DictionaryServices
0x000000001a365000 	/System/Library/Frameworks/CoreServices.framework/Versions/A/Frameworks/SharedFileList.framework/Versions/A/SharedFileList
0x000000001a365000 	/System/Library/Frameworks/NetFS.framework/Versions/A/NetFS
0x000000001a365000 	/System/Library/PrivateFrameworks/NetAuth.framework/Versions/A/NetAuth
0x000000001a365000 	/System/Library/PrivateFrameworks/login.framework/Versions/A/Frameworks/loginsupport.framework/Versions/A/loginsupport
0x000000001a365000 	/System/Library/PrivateFrameworks/TCC.framework/Versions/A/TCC
0x000000001a365000 	/usr/lib/libmecabra.dylib
0x000000001a365000 	/System/Library/Frameworks/ApplicationServices.framework/Versions/A/Frameworks/ATS.framework/Versions/A/ATS
0x000000001a365000 	/System/Library/Frameworks/ApplicationServices.framework/Versions/A/Frameworks/ColorSync.framework/Versions/A/ColorSync
0x000000001a365000 	/System/Library/Frameworks/ApplicationServices.framework/Versions/A/Frameworks/HIServices.framework/Versions/A/HIServices
0x000000001a365000 	/System/Library/Frameworks/ApplicationServices.framework/Versions/A/Frameworks/LangAnalysis.framework/Versions/A/LangAnalysis
0x000000001a365000 	/System/Library/Frameworks/ApplicationServices.framework/Versions/A/Frameworks/PrintCore.framework/Versions/A/PrintCore
0x000000001a365000 	/System/Library/Frameworks/ApplicationServices.framework/Versions/A/Frameworks/QD.framework/Versions/A/QD
0x000000001a365000 	/System/Library/Frameworks/ApplicationServices.framework/Versions/A/Frameworks/SpeechSynthesis.framework/Versions/A/SpeechSynthesis
0x000000001a365000 	/System/Library/Frameworks/Accelerate.framework/Versions/A/Frameworks/vImage.framework/Versions/A/vImage
0x000000001a365000 	/System/Library/Frameworks/Accelerate.framework/Versions/A/Frameworks/vecLib.framework/Versions/A/vecLib
0x000000001a365000 	/System/Library/Frameworks/Accelerate.framework/Versions/A/Frameworks/vecLib.framework/Versions/A/libvDSP.dylib
0x000000001a365000 	/System/Library/Frameworks/Accelerate.framework/Versions/A/Frameworks/vecLib.framework/Versions/A/libBNNS.dylib
0x000000001a365000 	/System/Library/Frameworks/Accelerate.framework/Versions/A/Frameworks/vecLib.framework/Versions/A/libQuadrature.dylib
0x000000001a365000 	/System/Library/Frameworks/Accelerate.framework/Versions/A/Frameworks/vecLib.framework/Versions/A/libvMisc.dylib
0x000000001a365000 	/System/Library/Frameworks/Accelerate.framework/Versions/A/Frameworks/vecLib.framework/Versions/A/libLAPACK.dylib
0x000000001a365000 	/System/Library/Frameworks/Accelerate.framework/Versions/A/Frameworks/vecLib.framework/Versions/A/libBLAS.dylib
0x000000001a365000 	/System/Library/Frameworks/Accelerate.framework/Versions/A/Frameworks/vecLib.framework/Versions/A/libLinearAlgebra.dylib
0x000000001a365000 	/System/Library/Frameworks/Accelerate.framework/Versions/A/Frameworks/vecLib.framework/Versions/A/libSparseBLAS.dylib
0x000000001a365000 	/System/Library/Frameworks/ApplicationServices.framework/Versions/A/Frameworks/ATS.framework/Versions/A/Resources/libFontParser.dylib
0x000000001a365000 	/System/Library/Frameworks/ApplicationServices.framework/Versions/A/Frameworks/ATS.framework/Versions/A/Resources/libFontRegistry.dylib
0x000000001a365000 	/System/Library/Frameworks/ImageIO.framework/Versions/A/Resources/libJPEG.dylib
0x000000001a365000 	/System/Library/Frameworks/ImageIO.framework/Versions/A/Resources/libTIFF.dylib
0x000000001a365000 	/System/Library/Frameworks/ImageIO.framework/Versions/A/Resources/libPng.dylib
0x000000001a365000 	/System/Library/Frameworks/ImageIO.framework/Versions/A/Resources/libGIF.dylib
0x000000001a365000 	/System/Library/Frameworks/ImageIO.framework/Versions/A/Resources/libJP2.dylib
0x000000001a365000 	/System/Library/Frameworks/ImageIO.framework/Versions/A/Resources/libRadiance.dylib
0x000000001a365000 	/usr/lib/libcompression.dylib
0x000000001a365000 	/System/Library/PrivateFrameworks/AppleJPEG.framework/Versions/A/AppleJPEG
0x000000001a365000 	/usr/lib/libcups.2.dylib
0x000000001a365000 	/System/Library/Frameworks/Kerberos.framework/Versions/A/Kerberos
0x000000001a365000 	/System/Library/Frameworks/GSS.framework/Versions/A/GSS
0x000000001a365000 	/usr/lib/libresolv.9.dylib
0x000000001a365000 	/usr/lib/libiconv.2.dylib
0x000000001a365000 	/System/Library/PrivateFrameworks/Heimdal.framework/Versions/A/Heimdal
0x000000001a365000 	/usr/lib/libheimdal-asn1.dylib
0x000000001a365000 	/System/Library/Frameworks/OpenDirectory.framework/Versions/A/OpenDirectory
0x000000001a365000 	/System/Library/PrivateFrameworks/CommonAuth.framework/Versions/A/CommonAuth
0x000000001a365000 	/System/Library/Frameworks/OpenDirectory.framework/Versions/A/Frameworks/CFOpenDirectory.framework/Versions/A/CFOpenDirectory
0x000000001a365000 	/System/Library/Frameworks/SecurityFoundation.framework/Versions/A/SecurityFoundation
0x000000001a365000 	/System/Library/PrivateFrameworks/LanguageModeling.framework/Versions/A/LanguageModeling
0x000000001a365000 	/usr/lib/libmarisa.dylib
0x000000001a365000 	/usr/lib/libChineseTokenizer.dylib
0x000000001a365000 	/usr/lib/libcmph.dylib
0x000000001a365000 	/System/Library/PrivateFrameworks/CoreEmoji.framework/Versions/A/CoreEmoji
0x000000001a365000 	/System/Library/Frameworks/ServiceManagement.framework/Versions/A/ServiceManagement
0x000000001a365000 	/usr/lib/libxslt.1.dylib
0x000000001a365000 	/System/Library/Frameworks/Carbon.framework/Versions/A/Frameworks/Ink.framework/Versions/A/Ink
0x000000001a365000 	/System/Library/PrivateFrameworks/TextureIO.framework/Versions/A/TextureIO
0x000000001a365000 	/System/Library/Frameworks/Metal.framework/Versions/A/Metal
0x000000001a365000 	/usr/lib/libate.dylib
0x000000001a365000 	/System/Library/PrivateFrameworks/GPUCompiler.framework/libmetal_timestamp.dylib
0x000000001a365000 	/System/Library/Frameworks/OpenGL.framework/Versions/A/Libraries/libCoreFSCache.dylib
0x000000001a365000 	/System/Library/PrivateFrameworks/IOAccelerator.framework/Versions/A/IOAccelerator
0x000000001a365000 	/System/Library/Frameworks/CoreVideo.framework/Versions/A/CoreVideo
0x000000001a365000 	/usr/lib/libFosl_dynamic.dylib
0x000000001a365000 	/System/Library/PrivateFrameworks/MetalPerformanceShaders.framework/Versions/A/MetalPerformanceShaders
0x000000001a365000 	/System/Library/PrivateFrameworks/FaceCore.framework/Versions/A/FaceCore
0x000000001a365000 	/System/Library/Frameworks/OpenCL.framework/Versions/A/OpenCL
0x000000001a365000 	/System/Library/Frameworks/OpenGL.framework/Versions/A/Libraries/libGLU.dylib
0x000000001a365000 	/System/Library/Frameworks/OpenGL.framework/Versions/A/Libraries/libGFXShared.dylib
0x000000001a365000 	/System/Library/Frameworks/OpenGL.framework/Versions/A/Libraries/libGL.dylib
0x000000001a365000 	/System/Library/Frameworks/OpenGL.framework/Versions/A/Libraries/libGLImage.dylib
0x000000001a365000 	/System/Library/Frameworks/OpenGL.framework/Versions/A/Libraries/libCVMSPluginSupport.dylib
0x000000001a365000 	/System/Library/Frameworks/OpenGL.framework/Versions/A/Libraries/libCoreVMClient.dylib
0x000000001a365000 	/System/Library/PrivateFrameworks/CrashReporterSupport.framework/Versions/A/CrashReporterSupport
0x000000001a365000 	/System/Library/PrivateFrameworks/Sharing.framework/Versions/A/Sharing
0x000000001a365000 	/System/Library/PrivateFrameworks/IconServices.framework/Versions/A/IconServices
0x000000001a365000 	/System/Library/PrivateFrameworks/ProtocolBuffer.framework/Versions/A/ProtocolBuffer
0x000000001a365000 	/System/Library/PrivateFrameworks/Apple80211.framework/Versions/A/Apple80211
0x000000001a365000 	/System/Library/Frameworks/CoreWLAN.framework/Versions/A/CoreWLAN
0x000000001a365000 	/System/Library/PrivateFrameworks/CoreUtils.framework/Versions/A/CoreUtils
0x000000001a365000 	/System/Library/Frameworks/IOBluetooth.framework/Versions/A/IOBluetooth
0x000000001a365000 	/System/Library/PrivateFrameworks/CoreWiFi.framework/Versions/A/CoreWiFi
0x000000001a365000 	/System/Library/Frameworks/CoreBluetooth.framework/Versions/A/CoreBluetooth
0x000000001a365000 	/System/Library/Frameworks/CoreDisplay.framework/Versions/A/CoreDisplay
0x000000001a365000 	/System/Library/PrivateFrameworks/IOPresentment.framework/Versions/A/IOPresentment
0x000000001a365000 	/System/Library/PrivateFrameworks/DSExternalDisplay.framework/Versions/A/DSExternalDisplay
0x000000001a365000 	/System/Library/PrivateFrameworks/DebugSymbols.framework/Versions/A/DebugSymbols
0x000000001a365000 	/System/Library/PrivateFrameworks/CoreSymbolication.framework/Versions/A/CoreSymbolication
0x000000001a365000 	/System/Library/PrivateFrameworks/Symbolication.framework/Versions/A/Symbolication
0x000000001a365000 	/System/Library/PrivateFrameworks/AppleFSCompression.framework/Versions/A/AppleFSCompression
0x000000001a365000 	/System/Library/PrivateFrameworks/SpeechRecognitionCore.framework/Versions/A/SpeechRecognitionCore
0x000000001a365000 	/System/Library/PrivateFrameworks/ChunkingLibrary.framework/Versions/A/ChunkingLibrary
0x000000010fff7000 	/System/Library/CoreServices/Encodings/libSimplifiedChineseConverter.dylib
0x0000000111200000 	/Applications/Android Studio 3.0 Preview.app/Contents/jre/jdk/Contents/Home/jre/lib/server/libjvm.dylib
0x000000001a365000 	/usr/lib/libstdc++.6.dylib
0x000000011003b000 	/Applications/Android Studio 3.0 Preview.app/Contents/jre/jdk/Contents/Home/jre/lib/libverify.dylib
0x0000000110047000 	/Applications/Android Studio 3.0 Preview.app/Contents/jre/jdk/Contents/Home/jre/lib/libjava.dylib
0x0000000110085000 	/Applications/Android Studio 3.0 Preview.app/Contents/jre/jdk/Contents/Home/jre/lib/libzip.dylib
0x0000000118138000 	/Applications/Android Studio 3.0 Preview.app/Contents/jre/jdk/Contents/Home/jre/lib/libmanagement.dylib
0x0000000118142000 	/Applications/Android Studio 3.0 Preview.app/Contents/jre/jdk/Contents/Home/jre/lib/libnio.dylib
0x0000000118152000 	/Applications/Android Studio 3.0 Preview.app/Contents/jre/jdk/Contents/Home/jre/lib/./libnet.dylib

VM Arguments:
jvm_args: -Djava.awt.headless=true -Djava.rmi.server.hostname=localhost -Xmx1536m -Dkotlin.environment.keepalive 
java_command: org.jetbrains.kotlin.daemon.KotlinCompileDaemon --daemon-runFilesPath /Users/LDD/Library/Application Support/kotlin/daemon --daemon-autoshutdownIdleSeconds=7200 --daemon-compilerClasspath /Users/LDD/.gradle/caches/modules-2/files-2.1/org.jetbrains.kotlin/kotlin-compiler-embeddable/1.1.4-2/68a21cc91246909498cac49bdce829a1e4c6105b/kotlin-compiler-embeddable-1.1.4-2.jar:/Applications/Android Studio 3.0 Preview.app/Contents/jre/jdk/Contents/Home/lib/tools.jar
java_class_path (initial): /Users/LDD/.gradle/caches/modules-2/files-2.1/org.jetbrains.kotlin/kotlin-compiler-embeddable/1.1.4-2/68a21cc91246909498cac49bdce829a1e4c6105b/kotlin-compiler-embeddable-1.1.4-2.jar:/Applications/Android Studio 3.0 Preview.app/Contents/jre/jdk/Contents/Home/lib/tools.jar
Launcher Type: SUN_STANDARD

Environment Variables:
PATH=/usr/bin:/bin:/usr/sbin:/sbin
SHELL=/bin/bash

Signal Handlers:
SIGSEGV: [libjvm.dylib+0x53e133], sa_mask[0]=11111111011111110111111111111111, sa_flags=SA_ONSTACK|SA_RESTART|SA_SIGINFO
SIGBUS: [libjvm.dylib+0x53e133], sa_mask[0]=11111111011111110111111111111111, sa_flags=SA_RESTART|SA_SIGINFO
SIGFPE: [libjvm.dylib+0x4369af], sa_mask[0]=11111111011111110111111111111111, sa_flags=SA_RESTART|SA_SIGINFO
SIGPIPE: [libjvm.dylib+0x4369af], sa_mask[0]=11111111011111110111111111111111, sa_flags=SA_RESTART|SA_SIGINFO
SIGXFSZ: [libjvm.dylib+0x4369af], sa_mask[0]=11111111011111110111111111111111, sa_flags=SA_RESTART|SA_SIGINFO
SIGILL: [libjvm.dylib+0x4369af], sa_mask[0]=11111111011111110111111111111111, sa_flags=SA_RESTART|SA_SIGINFO
SIGUSR1: SIG_DFL, sa_mask[0]=00000000000000000000000000000000, sa_flags=none
SIGUSR2: [libjvm.dylib+0x4372d4], sa_mask[0]=00100000000000000000000000000000, sa_flags=SA_RESTART|SA_SIGINFO
SIGHUP: [libjvm.dylib+0x4354c9], sa_mask[0]=11111111011111110111111111111111, sa_flags=SA_RESTART|SA_SIGINFO
SIGINT: [libjvm.dylib+0x4354c9], sa_mask[0]=11111111011111110111111111111111, sa_flags=SA_RESTART|SA_SIGINFO
SIGTERM: [libjvm.dylib+0x4354c9], sa_mask[0]=11111111011111110111111111111111, sa_flags=SA_RESTART|SA_SIGINFO
SIGQUIT: [libjvm.dylib+0x4354c9], sa_mask[0]=11111111011111110111111111111111, sa_flags=SA_RESTART|SA_SIGINFO


---------------  S Y S T E M  ---------------

OS:Bsduname:Darwin 16.7.0 Darwin Kernel Version 16.7.0: Thu Jun 15 17:36:27 PDT 2017; root:xnu-3789.70.16~2/RELEASE_X86_64 x86_64
rlimit: STACK 8192k, CORE 0k, NPROC 709, NOFILE 10240, AS infinity
load average:3.05 2.60 2.40

CPU:total 8 (initial active 8) (4 cores per cpu, 2 threads per core) family 6 model 58 stepping 9, cmov, cx8, fxsr, mmx, sse, sse2, sse3, ssse3, sse4.1, sse4.2, popcnt, avx, aes, clmul, erms, ht, tsc, tscinvbit, tscinv

Memory: 4k page, physical 16777216k(35408k free)

/proc/meminfo:


vm_info: OpenJDK 64-Bit Server VM (25.152-b01) for bsd-amd64 JRE (1.8.0_152-release-915-b01), built by "builder" with gcc 4.2.1 Compatible Apple LLVM 8.1.0 (clang-802.0.42)

time: Tue Aug 29 09:34:57 2017
elapsed time: 4 seconds (0d 0h 0m 4s)

